d:\vsc\ktlt\doantinhoc\doantinhoc\x64\debug\vc143.pdb
d:\vsc\ktlt\doantinhoc\doantinhoc\x64\debug\vc143.idb
d:\vsc\ktlt\doantinhoc\doantinhoc\x64\debug\source.obj
d:\vsc\ktlt\doantinhoc\doantinhoc\x64\debug\main.obj
d:\vsc\ktlt\doantinhoc\x64\debug\doantinhoc.exe
d:\vsc\ktlt\doantinhoc\doantinhoc\x64\debug\doantinhoc.ilk
d:\vsc\ktlt\doantinhoc\x64\debug\doantinhoc.pdb
d:\doantinhoc\doantinhoc\x64\debug\main.obj
d:\doantinhoc\doantinhoc\x64\debug\source.obj
d:\doantinhoc\doantinhoc\x64\debug\doantinhoc.ilk
d:\doantinhoc\doantinhoc\x64\debug\vc143.idb
d:\doantinhoc\doantinhoc\x64\debug\vc143.pdb
d:\doantinhoc\x64\debug\doantinhoc.pdb
d:\doantinhoc\x64\debug\doantinhoc.exe
d:\doantinhoc\doantinhoc\x64\debug\doantinhoc.tlog\cl.command.1.tlog
d:\doantinhoc\doantinhoc\x64\debug\doantinhoc.tlog\cl.read.1.tlog
d:\doantinhoc\doantinhoc\x64\debug\doantinhoc.tlog\cl.write.1.tlog
d:\doantinhoc\doantinhoc\x64\debug\doantinhoc.tlog\link.command.1.tlog
d:\doantinhoc\doantinhoc\x64\debug\doantinhoc.tlog\link.read.1.tlog
d:\doantinhoc\doantinhoc\x64\debug\doantinhoc.tlog\link.write.1.tlog
